<?xml version="1.0" encoding="UTF-8"?>
<!-- Generated by org.testng.reporters.JUnitReportReporter -->
<testsuite hostname="tz-automation" name="test.travelhopesTest.SearchFlightTest" tests="1" failures="0" timestamp="8 Nov 2016 23:40:37 GMT" time="1.914" errors="0">
  <testcase name="search" time="1.914" classname="test.travelhopesTest.SearchFlightTest"/>
</testsuite> <!-- test.travelhopesTest.SearchFlightTest -->
