<?xml version="1.0" encoding="UTF-8"?>
<!-- Generated by org.testng.reporters.JUnitReportReporter -->
<testsuite hostname="tz-automation" name="test.travelhopesTest.SearchFlightTest" tests="1" failures="0" timestamp="23 Nov 2016 13:55:57 GMT" time="2.107" errors="0">
  <testcase name="search" time="2.107" classname="test.travelhopesTest.SearchFlightTest"/>
</testsuite> <!-- test.travelhopesTest.SearchFlightTest -->
