<?xml version="1.0" encoding="UTF-8"?>
<!-- Generated by org.testng.reporters.JUnitReportReporter -->
<testsuite hostname="tz-automation" name="test.travelhopesTest.SearchHotelTest" tests="1" failures="0" timestamp="8 Nov 2016 23:40:37 GMT" time="3.773" errors="0">
  <testcase name="testFindHotels" time="3.773" classname="test.travelhopesTest.SearchHotelTest"/>
</testsuite> <!-- test.travelhopesTest.SearchHotelTest -->
