<?xml version="1.0" encoding="UTF-8"?>
<!-- Generated by org.testng.reporters.JUnitReportReporter -->
<testsuite hostname="tz-automation" name="main.travelhopesPages.TravelHopesApiPages" tests="1" failures="0" timestamp="20 Nov 2016 18:00:43 GMT" time="11.569" errors="0">
  <testcase name="gethotels" time="11.569" classname="main.travelhopesPages.TravelHopesApiPages"/>
</testsuite> <!-- main.travelhopesPages.TravelHopesApiPages -->
