<?xml version="1.0" encoding="UTF-8"?>
<!-- Generated by org.testng.reporters.JUnitReportReporter -->
<testsuite hostname="tz-automation" name="test.travelhopesTest.homePageTest" tests="2" failures="0" timestamp="23 Nov 2016 13:55:57 GMT" time="20.417" errors="0">
  <testcase name="testclickHomePage" time="3.833" classname="test.travelhopesTest.homePageTest"/>
  <testcase name="testclickMyRewards" time="16.584" classname="test.travelhopesTest.homePageTest"/>
</testsuite> <!-- test.travelhopesTest.homePageTest -->
